<?xml version="1.0" encoding="UTF-8"?>
<!-- Generated by org.testng.reporters.JUnitReportReporter -->
<testsuite hostname="GISI-0NVH5P" name="com.codebind.Apptest" tests="1" failures="0" timestamp="30 Jun 2019 06:24:13 GMT" time="0.015" errors="0">
  <testcase name="shoudReturnTrue" time="0.015" classname="com.codebind.Apptest"/>
</testsuite> <!-- com.codebind.Apptest -->
